#-----------------------------------------------------------
# Webtalk v2018.3 (64-bit)
# SW Build 2405991 on Thu Dec  6 23:38:27 MST 2018
# 
# Start of session at: Wed Oct 30 23:42:37 2019
# Process ID: 202228
# Current directory: C:/Users/USER/Documents/FPGA/hw4/hw4.sdk/webtalk
# Command line: wbtcv.exe -mode batch -source sdk_webtalk.tcl
# Log file: C:/Users/USER/Documents/FPGA/hw4/hw4.sdk/webtalk/webtalk.log
# Journal file: C:/Users/USER/Documents/FPGA/hw4/hw4.sdk/webtalk\webtalk.jou
#-----------------------------------------------------------
source sdk_webtalk.tcl
# webtalk_init -webtalk_dir C:\\Users\\USER\\Documents\\FPGA\\hw4\\hw4.sdk\\webtalk
# webtalk_register_client -client project
# webtalk_add_data -client project -key date_generated -value "2019-10-30 23:42:30" -context "software_version_and_target_device"
# webtalk_add_data -client project -key product_version -value "SDK v2018.3" -context "software_version_and_target_device"
# webtalk_add_data -client project -key build_version -value "2018.3" -context "software_version_and_target_device"
# webtalk_add_data -client project -key os_platform -value "amd64" -context "software_version_and_target_device"
# webtalk_add_data -client project -key registration_id -value "" -context "software_version_and_target_device"
# webtalk_add_data -client project -key tool_flow -value "SDK" -context "software_version_and_target_device"
# webtalk_add_data -client project -key beta -value "false" -context "software_version_and_target_device"
# webtalk_add_data -client project -key route_design -value "NA" -context "software_version_and_target_device"
# webtalk_add_data -client project -key target_family -value "NA" -context "software_version_and_target_device"
# webtalk_add_data -client project -key target_device -value "NA" -context "software_version_and_target_device"
# webtalk_add_data -client project -key target_package -value "NA" -context "software_version_and_target_device"
# webtalk_add_data -client project -key target_speed -value "NA" -context "software_version_and_target_device"
# webtalk_add_data -client project -key random_id -value "bfb22c9rr7tk6c51juv1ar5qpn" -context "software_version_and_target_device"
# webtalk_add_data -client project -key project_id -value "2018.3_3" -context "software_version_and_target_device"
# webtalk_add_data -client project -key project_iteration -value "3" -context "software_version_and_target_device"
# webtalk_add_data -client project -key os_name -value "Microsoft Windows 8 or later , 64-bit" -context "user_environment"
# webtalk_add_data -client project -key os_release -value "major release  (build 9200)" -context "user_environment"
# webtalk_add_data -client project -key cpu_name -value "Intel(R) Core(TM) i5-7200U CPU @ 2.50GHz" -context "user_environment"
# webtalk_add_data -client project -key cpu_speed -value "2712 MHz" -context "user_environment"
# webtalk_add_data -client project -key total_processors -value "1" -context "user_environment"
# webtalk_add_data -client project -key system_ram -value "8.452 GB" -context "user_environment"
# webtalk_register_client -client sdk
# webtalk_add_data -client sdk -key uid -value "1572443213326" -context "sdk\\\\bsp/1572443213326"
# webtalk_add_data -client sdk -key hwid -value "1571830635226" -context "sdk\\\\bsp/1572443213326"
# webtalk_add_data -client sdk -key os -value "standalone" -context "sdk\\\\bsp/1572443213326"
# webtalk_add_data -client sdk -key apptemplate -value "empty_application" -context "sdk\\\\bsp/1572443213326"
# webtalk_add_data -client sdk -key RecordType -value "BSPCreation" -context "sdk\\\\bsp/1572443213326"
# webtalk_add_data -client sdk -key uid -value "1572443218955" -context "sdk\\\\application/1572443218955"
# webtalk_add_data -client sdk -key hwid -value "1571830635226" -context "sdk\\\\application/1572443218955"
# webtalk_add_data -client sdk -key bspid -value "1572443213326" -context "sdk\\\\application/1572443218955"
# webtalk_add_data -client sdk -key newbsp -value "true" -context "sdk\\\\application/1572443218955"
# webtalk_add_data -client sdk -key os -value "standalone" -context "sdk\\\\application/1572443218955"
# webtalk_add_data -client sdk -key apptemplate -value "empty_application" -context "sdk\\\\application/1572443218955"
# webtalk_add_data -client sdk -key RecordType -value "APPCreation" -context "sdk\\\\application/1572443218955"
# webtalk_add_data -client sdk -key LangUsed -value "C" -context "sdk\\\\application/1572443218955"
# webtalk_add_data -client sdk -key Procused -value "ps7_cortexa9" -context "sdk\\\\application/1572443218955"
# webtalk_add_data -client sdk -key projSize -value "345.21484375" -context "sdk\\\\application/1572443218955"
# webtalk_add_data -client sdk -key uid -value "NA" -context "sdk\\\\bsp/1572450150515"
# webtalk_add_data -client sdk -key RecordType -value "ToolUsage" -context "sdk\\\\bsp/1572450150515"
# webtalk_add_data -client sdk -key BootgenCount -value "0" -context "sdk\\\\bsp/1572450150515"
# webtalk_add_data -client sdk -key DebugCount -value "4" -context "sdk\\\\bsp/1572450150515"
# webtalk_add_data -client sdk -key PerfCount -value "0" -context "sdk\\\\bsp/1572450150515"
# webtalk_add_data -client sdk -key FlashCount -value "0" -context "sdk\\\\bsp/1572450150515"
# webtalk_add_data -client sdk -key CrossTriggCount -value "0" -context "sdk\\\\bsp/1572450150515"
# webtalk_add_data -client sdk -key QemuDebugCount -value "0" -context "sdk\\\\bsp/1572450150515"
# webtalk_transmit -clientid 2244747816 -regid "" -xml C:\\Users\\USER\\Documents\\FPGA\\hw4\\hw4.sdk\\webtalk\\usage_statistics_ext_sdk.xml -html C:\\Users\\USER\\Documents\\FPGA\\hw4\\hw4.sdk\\webtalk\\usage_statistics_ext_sdk.html -wdm C:\\Users\\USER\\Documents\\FPGA\\hw4\\hw4.sdk\\webtalk\\sdk_webtalk.wdm -intro "<H3>SDK Usage Report</H3><BR>"
INFO: [Common 17-186] 'C:\Users\USER\Documents\FPGA\hw4\hw4.sdk\webtalk\usage_statistics_ext_sdk.xml' has been successfully sent to Xilinx on Wed Oct 30 23:42:45 2019. For additional details about this file, please refer to the WebTalk help file at D:/Xilinx/SDK/2018.3/doc/webtalk_introduction.html.
# webtalk_terminate
INFO: [Common 17-206] Exiting Webtalk at Wed Oct 30 23:42:46 2019...
