Copyright 1986-2018 Xilinx, Inc. All Rights Reserved.
-----------------------------------------------------------------------------------------------------------------------------------------------------------------------------
| Tool Version : Vivado v.2018.3 (win64) Build 2405991 Thu Dec  6 23:38:27 MST 2018
| Date         : Sun Oct 13 20:12:24 2019
| Host         : DESKTOP-PRBRFBN running 64-bit major release  (build 9200)
| Command      : report_methodology -file Breathing_LED_methodology_drc_routed.rpt -pb Breathing_LED_methodology_drc_routed.pb -rpx Breathing_LED_methodology_drc_routed.rpx
| Design       : Breathing_LED
| Device       : xc7z020clg400-1
| Speed File   : -1
| Design State : Fully Routed
-----------------------------------------------------------------------------------------------------------------------------------------------------------------------------

Report Methodology

Table of Contents
-----------------
1. REPORT SUMMARY
2. REPORT DETAILS

1. REPORT SUMMARY
-----------------
            Netlist: netlist
          Floorplan: design_1
      Design limits: <entire design considered>
             Max violations: <unlimited>
             Violations found: 3
+-----------+----------+------------------------------------------------------+------------+
| Rule      | Severity | Description                                          | Violations |
+-----------+----------+------------------------------------------------------+------------+
| TIMING-18 | Warning  | Missing input or output delay                        | 2          |
| XDCC-4    | Warning  | User Clock constraint overwritten with the same name | 1          |
+-----------+----------+------------------------------------------------------+------------+

2. REPORT DETAILS
-----------------
TIMING-18#1 Warning
Missing input or output delay  
An input delay is missing on rst relative to clock(s) sys_clk_pin
Related violations: <none>

TIMING-18#2 Warning
Missing input or output delay  
An output delay is missing on B_out relative to clock(s) sys_clk_pin
Related violations: <none>

XDCC-4#1 Warning
User Clock constraint overwritten with the same name  
A new clock constraint create_clock overrides a previous user clock constraint with the same name.
New: create_clock -period 8.000 -name sys_clk_pin -waveform {0.000 4.000} -add [get_ports clk] (Source: D:/FPGA/pynq-z2_v1.0.xdc (Line: 9))
Previous: create_clock -period 8.000 -name sys_clk_pin -waveform {0.000 4.000} -add [get_ports clk] (Source: D:/FPGA/RGB_LED_ooc.xdc (Line: 2))
Related violations: <none>


